#
# A fatal error has been detected by the Java Runtime Environment:
#
#  Internal Error (javaClasses.cpp:129), pid=9436, tid=5884
#  fatal error: Invalid layout of preloaded class
#
# JRE version: 7.0_21-b11
# Java VM: Java HotSpot(TM) Client VM (23.21-b01 mixed mode windows-x86 )
# Failed to write core dump. Minidumps are not enabled by default on client versions of Windows
#
# If you would like to submit a bug report, please visit:
#   http://bugreport.sun.com/bugreport/crash.jsp
#

---------------  T H R E A D  ---------------

Current thread (0x0120b400):  JavaThread "Unknown thread" [_thread_in_vm, id=5884, stack(0x01930000,0x01980000)]

Stack: [0x01930000,0x01980000],  sp=0x0197f474,  free space=317k
Native frames: (J=compiled Java code, j=interpreted, Vv=VM code, C=native code)
V  [jvm.dll+0x170511]
V  [jvm.dll+0x16a6b6]
V  [jvm.dll+0x2082f]
V  [jvm.dll+0x208b6]
V  [jvm.dll+0x2e5dd]
V  [jvm.dll+0x2e889]
V  [jvm.dll+0x77bd1]
V  [jvm.dll+0x77f8b]
V  [jvm.dll+0x12a1b1]
V  [jvm.dll+0x14ac6a]
V  [jvm.dll+0xa9eef]
C  [javaw.exe+0x13ca]
C  [javaw.exe+0x1e3c]
C  [javaw.exe+0xa5b1]
C  [javaw.exe+0xa63b]
C  [kernel32.dll+0x4ed6c]  BaseThreadInitThunk+0x12
C  [ntdll.dll+0x6377b]  RtlInitializeExceptionChain+0xef
C  [ntdll.dll+0x6374e]  RtlInitializeExceptionChain+0xc2


---------------  P R O C E S S  ---------------

Java Threads: ( => current thread )

Other Threads:

=>0x0120b400 (exited) JavaThread "Unknown thread" [_thread_in_vm, id=5884, stack(0x01930000,0x01980000)]

VM state:not at safepoint (not fully initialized)

VM Mutex/Monitor currently owned by a thread: None

GC Heap History (0 events):
No events

Deoptimization events (0 events):
No events

Internal exceptions (0 events):
No events

Events (10 events):
Event: 0.011 loading class 0x01226888 done
Event: 0.011 loading class 0x0120fae0 done
Event: 0.011 loading class 0x0120fab8
Event: 0.012 loading class 0x0125e9d0
Event: 0.012 loading class 0x0125e9d0 done
Event: 0.012 loading class 0x0125ea08
Event: 0.012 loading class 0x0125ea08 done
Event: 0.012 loading class 0x01253e88
Event: 0.012 loading class 0x01253e88 done
Event: 0.012 loading class 0x0120fab8 done


Dynamic libraries:
0x00230000 - 0x0025f000 	C:\Program Files\Java\jre7\bin\javaw.exe
0x76f70000 - 0x770ac000 	C:\Windows\SYSTEM32\ntdll.dll
0x76160000 - 0x76234000 	C:\Windows\system32\kernel32.dll
0x75160000 - 0x751ab000 	C:\Windows\system32\KERNELBASE.dll
0x76db0000 - 0x76e50000 	C:\Windows\system32\ADVAPI32.dll
0x76090000 - 0x7613c000 	C:\Windows\system32\msvcrt.dll
0x77180000 - 0x77199000 	C:\Windows\SYSTEM32\sechost.dll
0x76c30000 - 0x76cd1000 	C:\Windows\system32\RPCRT4.dll
0x76b60000 - 0x76c29000 	C:\Windows\system32\USER32.dll
0x76910000 - 0x7695e000 	C:\Windows\system32\GDI32.dll
0x75350000 - 0x7535a000 	C:\Windows\system32\LPK.dll
0x770e0000 - 0x7717d000 	C:\Windows\system32\USP10.dll
0x73f80000 - 0x7411e000 	C:\Windows\WinSxS\x86_microsoft.windows.common-controls_6595b64144ccf1df_6.0.7601.17514_none_41e6975e2bd6f2b2\COMCTL32.dll
0x765f0000 - 0x76647000 	C:\Windows\system32\SHLWAPI.dll
0x76140000 - 0x7615f000 	C:\Windows\system32\IMM32.DLL
0x76ce0000 - 0x76dac000 	C:\Windows\system32\MSCTF.dll
0x65430000 - 0x654ee000 	C:\Program Files\Java\jre7\bin\msvcr100.dll
0x5c6e0000 - 0x5ca2f000 	C:\Program Files\Java\jre7\bin\client\jvm.dll
0x6d4d0000 - 0x6d4d7000 	C:\Windows\system32\WSOCK32.dll
0x76650000 - 0x76685000 	C:\Windows\system32\WS2_32.dll
0x770c0000 - 0x770c6000 	C:\Windows\system32\NSI.dll
0x72ea0000 - 0x72ed2000 	C:\Windows\system32\WINMM.dll
0x770b0000 - 0x770b5000 	C:\Windows\system32\PSAPI.DLL
0x72b40000 - 0x72b4c000 	C:\Program Files\Java\jre7\bin\verify.dll
0x70cd0000 - 0x70cf0000 	C:\Program Files\Java\jre7\bin\java.dll
0x729f0000 - 0x72a03000 	C:\Program Files\Java\jre7\bin\zip.dll
0x6e290000 - 0x6e37b000 	C:\Windows\system32\dbghelp.dll

VM Arguments:
jvm_args: -Dfile.encoding=GBK -Xbootclasspath:D:\adt-bundle-windows-x86\adt-bundle-windows-x86\sdk\platforms\android-10\android.jar 
java_command: com.sjtu.contact.util.HttpRequestUtil
Launcher Type: SUN_STANDARD

Environment Variables:
PATH=C:/Program Files/Java/jre7/bin/client;C:/Program Files/Java/jre7/bin;C:/Program Files/Java/jre7/lib/i386;C:\Windows\system32;C:\Windows;C:\Windows\System32\Wbem;C:\Windows\System32\WindowsPowerShell\v1.0\;E:\Program Files\TortoiseSVN\bin;C:\Python32\Tools\Scripts;C:\Python27;C:\Python27\Scripts;C:\MinGW\bin;C:\Program Files\ICBCEbankTools\Gemplus\GemSafe Libraries\BIN\;C:\Program Files\Microsoft SQL Server\100\Tools\Binn\;C:\Program Files\Microsoft SQL Server\100\DTS\Binn\;C:\Program Files\MySQL\MySQL Server 5.6\bin;D:\lib\javacc-5.0\bin;D:\Program Files\Git\cmd;'E:\Program Files\MySQL\MySQL Server 5.1\bin';D:\adt-bundle-windows-x86\adt-bundle-windows-x86\eclipse;
USERNAME=sniperwang
OS=Windows_NT
PROCESSOR_IDENTIFIER=x86 Family 6 Model 23 Stepping 6, GenuineIntel



---------------  S Y S T E M  ---------------

OS: Windows 7 Build 7601 Service Pack 1

CPU:total 2 (2 cores per cpu, 1 threads per core) family 6 model 23 stepping 6, cmov, cx8, fxsr, mmx, sse, sse2, sse3, ssse3, sse4.1, tsc

Memory: 4k page, physical 2095120k(600576k free), swap 4190240k(1821620k free)

vm_info: Java HotSpot(TM) Client VM (23.21-b01) for windows-x86 JRE (1.7.0_21-b11), built on Apr  4 2013 04:43:10 by "java_re" with unknown MS VC++:1600

time: Fri May 31 13:23:03 2013
elapsed time: 0 seconds

